Started by user [8mha:////4HshPszTrCegU1Q5Nrw74HWLxDxXVLkcQ/vvDtqb0JlyAAAAmB+LCAAAAAAAAP9b85aBtbiIQTGjNKU4P08vOT+vOD8nVc83PyU1x6OyILUoJzMv2y+/JJUBAhiZGBgqihhk0NSjKDWzXb3RdlLBUSYGJk8GtpzUvPSSDB8G5tKinBIGIZ+sxLJE/ZzEvHT94JKizLx0a6BxUmjGOUNodHsLgAy+EgYe/dLi1CL93Kz8stQ8ADAH/7TBAAAA[0mMark Gil Joven
Building in workspace /Users/markgiljoven/.jenkins/workspace/installphp
 > git rev-parse --is-inside-work-tree # timeout=10
Fetching changes from the remote Git repository
 > git config remote.origin.url https://github.com/MarkGilJoven/challenge.git # timeout=10
Fetching upstream changes from https://github.com/MarkGilJoven/challenge.git
 > git --version # timeout=10
using GIT_ASKPASS to set credentials 
 > git fetch --tags --progress https://github.com/MarkGilJoven/challenge.git +refs/heads/*:refs/remotes/origin/*
 > git rev-parse refs/remotes/origin/master^{commit} # timeout=10
 > git rev-parse refs/remotes/origin/origin/master^{commit} # timeout=10
Checking out Revision d6f6b57ca83f6e43cd4053253957e3f65f4c375f (refs/remotes/origin/master)
 > git config core.sparsecheckout # timeout=10
 > git checkout -f d6f6b57ca83f6e43cd4053253957e3f65f4c375f
 > git rev-list d6f6b57ca83f6e43cd4053253957e3f65f4c375f # timeout=10
[installphp] $ /bin/bash /var/folders/0g/nr8_n8vj4hg6t1kwz79ctwkc0000gn/T/jenkins3081675010790777018.sh
You've selected to install this on the dev environment.
The following hostnames are
10.1.1.249:22
10.1.1.92:22.
/System/Library/Frameworks/Python.framework/Versions/2.7/lib/python2.7/getpass.py:83: GetPassWarning: Can not control echo on the terminal.
  passwd = fallback_getpass(prompt, stream)
Warning: Password input may be echoed.
Password: 
Warning: do not enter your password if anyone else has superuser
privileges or access to your account.
[1] 17:07:31 [SUCCESS] 10.1.1.249:22
[2] 17:07:32 [SUCCESS] 10.1.1.92:22
/System/Library/Frameworks/Python.framework/Versions/2.7/lib/python2.7/getpass.py:83: GetPassWarning: Can not control echo on the terminal.
  passwd = fallback_getpass(prompt, stream)
Warning: Password input may be echoed.
Password: 
Warning: do not enter your password if anyone else has superuser
privileges or access to your account.
[1] 17:07:33 [SUCCESS] 10.1.1.92:22
Attempting to install Lamp on "CentOS Linux".
Deleted temp working directory /root/tmp.29411.pI52Y
[2] 17:08:32 [FAILURE] 10.1.1.249:22 Timed out, Killed by signal 9
Attempting to install Lamp on "Ubuntu".
Updating the "Ubuntu" system before Lamp installation.
Hit http://security.ubuntu.com trusty-security InRelease
Ign http://archive.ubuntu.com trusty InRelease
Hit http://security.ubuntu.com trusty-security/main Sources
Hit http://archive.ubuntu.com trusty-updates InRelease
Hit http://security.ubuntu.com trusty-security/universe Sources
Hit http://archive.ubuntu.com trusty-backports InRelease
Hit http://security.ubuntu.com trusty-security/main amd64 Packages
Hit http://archive.ubuntu.com trusty Release.gpg
Hit http://security.ubuntu.com trusty-security/universe amd64 Packages
Hit http://archive.ubuntu.com trusty-updates/main Sources
Hit http://security.ubuntu.com trusty-security/main Translation-en
Hit http://archive.ubuntu.com trusty-updates/restricted Sources
Hit http://security.ubuntu.com trusty-security/universe Translation-en
Hit http://archive.ubuntu.com trusty-updates/universe Sources
Hit http://archive.ubuntu.com trusty-updates/multiverse Sources
Hit http://archive.ubuntu.com trusty-updates/main amd64 Packages
Hit http://archive.ubuntu.com trusty-updates/restricted amd64 Packages
Hit http://archive.ubuntu.com trusty-updates/universe amd64 Packages
Hit http://archive.ubuntu.com trusty-updates/multiverse amd64 Packages
Hit http://archive.ubuntu.com trusty-updates/main Translation-en
Hit http://archive.ubuntu.com trusty-updates/multiverse Translation-en
Hit http://archive.ubuntu.com trusty-updates/restricted Translation-en
Hit http://archive.ubuntu.com trusty-updates/universe Translation-en
Hit http://archive.ubuntu.com trusty-backports/main Sources
Hit http://archive.ubuntu.com trusty-backports/restricted Sources
Hit http://archive.ubuntu.com trusty-backports/universe Sources
Hit http://archive.ubuntu.com trusty-backports/multiverse Sources
Hit http://archive.ubuntu.com trusty-backports/main amd64 Packages
Hit http://archive.ubuntu.com trusty-backports/restricted amd64 Packages
Hit http://archive.ubuntu.com trusty-backports/universe amd64 Packages
Hit http://archive.ubuntu.com trusty-backports/multiverse amd64 Packages
Hit http://archive.ubuntu.com trusty-backports/main Translation-en
Hit http://archive.ubuntu.com trusty-backports/multiverse Translation-en
Hit http://archive.ubuntu.com trusty-backports/restricted Translation-en
Hit http://archive.ubuntu.com trusty-backports/universe Translation-en
Hit http://archive.ubuntu.com trusty Release
Hit http://archive.ubuntu.com trusty/main Sources
Hit http://archive.ubuntu.com trusty/restricted Sources
Hit http://archive.ubuntu.com trusty/universe Sources
Hit http://archive.ubuntu.com trusty/multiverse Sources
Hit http://archive.ubuntu.com trusty/main amd64 Packages
Hit http://archive.ubuntu.com trusty/restricted amd64 Packages
Hit http://archive.ubuntu.com trusty/universe amd64 Packages
Hit http://archive.ubuntu.com trusty/multiverse amd64 Packages
Hit http://archive.ubuntu.com trusty/main Translation-en
Hit http://archive.ubuntu.com trusty/multiverse Translation-en
Hit http://archive.ubuntu.com trusty/restricted Translation-en
Hit http://archive.ubuntu.com trusty/universe Translation-en
Ign http://archive.ubuntu.com trusty/main Translation-en_US
Ign http://archive.ubuntu.com trusty/multiverse Translation-en_US
Ign http://archive.ubuntu.com trusty/restricted Translation-en_US
Ign http://archive.ubuntu.com trusty/universe Translation-en_US
Reading package lists...
Installing lamp on "Ubuntu".
Reading package lists...
Building dependency tree...
Reading state information...
libwrap0 is already the newest version.
tcpd is already the newest version.
Suggested packages:
  apache2-doc apache2-suexec-pristine apache2-suexec-custom apache2-utils
  php-pear libclone-perl libmldbm-perl libnet-daemon-perl libplrpc-perl
  libsql-statement-perl libipc-sharedcache-perl tinyca mailx php5-user-cache
  openssl-blacklist
The following NEW packages will be installed:
  apache2 apache2-bin apache2-data apache2-mpm-prefork libaio1
  libapache2-mod-php5 libapr1 libaprutil1 libaprutil1-dbd-sqlite3
  libaprutil1-ldap libdbd-mysql-perl libdbi-perl libhtml-template-perl
  libmysqlclient18 libterm-readkey-perl mysql-client-5.5 mysql-client-core-5.5
  mysql-common mysql-server mysql-server-5.5 mysql-server-core-5.5 php5-cli
  php5-common php5-json php5-mysql php5-readline ssl-cert
0 upgraded, 27 newly installed, 0 to remove and 0 not upgraded.
Need to get 15.9 MB of archives.
After this operation, 123 MB of additional disk space will be used.
Get:1 http://archive.ubuntu.com/ubuntu/ trusty/main libaio1 amd64 0.3.109-4 [6,364 B]
Get:2 http://archive.ubuntu.com/ubuntu/ trusty/main libapr1 amd64 1.5.0-1 [85.1 kB]
Get:3 http://archive.ubuntu.com/ubuntu/ trusty/main libaprutil1 amd64 1.5.3-1 [76.4 kB]
Get:4 http://archive.ubuntu.com/ubuntu/ trusty-updates/main mysql-common all 5.5.55-0ubuntu0.14.04.1 [13.0 kB]
Get:5 http://archive.ubuntu.com/ubuntu/ trusty-updates/main libmysqlclient18 amd64 5.5.55-0ubuntu0.14.04.1 [597 kB]
Get:6 http://archive.ubuntu.com/ubuntu/ trusty/main libdbi-perl amd64 1.630-1 [879 kB]
Get:7 http://archive.ubuntu.com/ubuntu/ trusty-updates/main libdbd-mysql-perl amd64 4.025-1ubuntu0.1 [87.6 kB]
Get:8 http://archive.ubuntu.com/ubuntu/ trusty/main libterm-readkey-perl amd64 2.31-1 [27.4 kB]
Get:9 http://archive.ubuntu.com/ubuntu/ trusty-updates/main mysql-client-core-5.5 amd64 5.5.55-0ubuntu0.14.04.1 [707 kB]
Get:10 http://archive.ubuntu.com/ubuntu/ trusty-updates/main mysql-client-5.5 amd64 5.5.55-0ubuntu0.14.04.1 [1,586 kB]
Get:11 http://archive.ubuntu.com/ubuntu/ trusty-updates/main mysql-server-core-5.5 amd64 5.5.55-0ubuntu0.14.04.1 [3,737 kB]
Stderr: I require 29411 but it's not installed.  Aborting.
I require 29411 but it's not installed.  Aborting.
I require 29411 but it's not installed.  Aborting.
I require 29411 but it's not installed.  Aborting.
I require 29411 but it's not installed.  Aborting.
I require 29411 but it's not installed.  Aborting.
I require 29411 but it's not installed.  Aborting.
I require 29411 but it's not installed.  Aborting.
I require 29411 but it's not installed.  Aborting.
I require 29411 but it's not installed.  Aborting.
I require 29411 but it's not installed.  Aborting.
I require 29411 but it's not installed.  Aborting.
I require 29411 but it's not installed.  Aborting.
I require 29411 but it's not installed.  Aborting.
I require 29411 but it's not installed.  Aborting.
I require 29411 but it's not installed.  Aborting.
I require 29411 but it's not installed.  Aborting.
I require 29411 but it's not installed.  Aborting.
I require 29411 but it's not installed.  Aborting.
I require 29411 but it's not installed.  Aborting.
I require 29411 but it's not installed.  Aborting.
I require 29411 but it's not installed.  Aborting.
I require 29411 but it's not installed.  Aborting.
I require 29411 but it's not installed.  Aborting.
I require 29411 but it's not installed.  Aborting.
I require 29411 but it's not installed.  Aborting.
I require 29411 but it's not installed.  Aborting.
Build step 'Execute shell' marked build as failure
Finished: FAILURE
