Started by user [8mha:////4HshPszTrCegU1Q5Nrw74HWLxDxXVLkcQ/vvDtqb0JlyAAAAmB+LCAAAAAAAAP9b85aBtbiIQTGjNKU4P08vOT+vOD8nVc83PyU1x6OyILUoJzMv2y+/JJUBAhiZGBgqihhk0NSjKDWzXb3RdlLBUSYGJk8GtpzUvPSSDB8G5tKinBIGIZ+sxLJE/ZzEvHT94JKizLx0a6BxUmjGOUNodHsLgAy+EgYe/dLi1CL93Kz8stQ8ADAH/7TBAAAA[0mMark Gil Joven
Building in workspace /Users/markgiljoven/.jenkins/workspace/installphp
 > git rev-parse --is-inside-work-tree # timeout=10
Fetching changes from the remote Git repository
 > git config remote.origin.url https://github.com/MarkGilJoven/challenge.git # timeout=10
Fetching upstream changes from https://github.com/MarkGilJoven/challenge.git
 > git --version # timeout=10
using GIT_ASKPASS to set credentials 
 > git fetch --tags --progress https://github.com/MarkGilJoven/challenge.git +refs/heads/*:refs/remotes/origin/*
 > git rev-parse refs/remotes/origin/master^{commit} # timeout=10
 > git rev-parse refs/remotes/origin/origin/master^{commit} # timeout=10
Checking out Revision d6f6b57ca83f6e43cd4053253957e3f65f4c375f (refs/remotes/origin/master)
 > git config core.sparsecheckout # timeout=10
 > git checkout -f d6f6b57ca83f6e43cd4053253957e3f65f4c375f
 > git rev-list 7ae234de43fccf79ac914af685a56f0b59d94d34 # timeout=10
[installphp] $ /bin/bash /var/folders/0g/nr8_n8vj4hg6t1kwz79ctwkc0000gn/T/jenkins7762865559350691890.sh
You've selected to install this on the dev environment.
The following hostnames are
10.1.1.249:22
10.1.1.92:22.
/System/Library/Frameworks/Python.framework/Versions/2.7/lib/python2.7/getpass.py:83: GetPassWarning: Can not control echo on the terminal.
  passwd = fallback_getpass(prompt, stream)
Warning: Password input may be echoed.
Password: 
Warning: do not enter your password if anyone else has superuser
privileges or access to your account.
[1] 17:04:42 [SUCCESS] 10.1.1.249:22
[2] 17:05:55 [FAILURE] 10.1.1.92:22 Exited with error code 1
/System/Library/Frameworks/Python.framework/Versions/2.7/lib/python2.7/getpass.py:83: GetPassWarning: Can not control echo on the terminal.
  passwd = fallback_getpass(prompt, stream)
Warning: Password input may be echoed.
Password: 
Warning: do not enter your password if anyone else has superuser
privileges or access to your account.
[1] 17:06:16 [SUCCESS] 10.1.1.92:22
Attempting to install Lamp on "CentOS Linux".Deleted temp working directory /root/tmp.5110.xtzM1
[2] 17:06:56 [FAILURE] 10.1.1.249:22 Timed out, Killed by signal 9
Attempting to install Lamp on "Ubuntu".
Updating the "Ubuntu" system before Lamp installation.
Hit http://security.ubuntu.com trusty-security InRelease
Ign http://archive.ubuntu.com trusty InRelease
Hit http://security.ubuntu.com trusty-security/main Sources
Hit http://archive.ubuntu.com trusty-updates InRelease
Hit http://security.ubuntu.com trusty-security/universe Sources
Hit http://archive.ubuntu.com trusty-backports InRelease
Hit http://security.ubuntu.com trusty-security/main amd64 Packages
Hit http://archive.ubuntu.com trusty Release.gpg
Hit http://security.ubuntu.com trusty-security/universe amd64 Packages
Hit http://archive.ubuntu.com trusty-updates/main Sources
Hit http://security.ubuntu.com trusty-security/main Translation-en
Hit http://archive.ubuntu.com trusty-updates/restricted Sources
Hit http://security.ubuntu.com trusty-security/universe Translation-en
Hit http://archive.ubuntu.com trusty-updates/universe Sources
Hit http://archive.ubuntu.com trusty-updates/multiverse Sources
Hit http://archive.ubuntu.com trusty-updates/main amd64 Packages
Hit http://archive.ubuntu.com trusty-updates/restricted amd64 Packages
Hit http://archive.ubuntu.com trusty-updates/universe amd64 Packages
Hit http://archive.ubuntu.com trusty-updates/multiverse amd64 Packages
Hit http://archive.ubuntu.com trusty-updates/main Translation-en
Hit http://archive.ubuntu.com trusty-updates/multiverse Translation-en
Hit http://archive.ubuntu.com trusty-updates/restricted Translation-en
Hit http://archive.ubuntu.com trusty-updates/universe Translation-en
Hit http://archive.ubuntu.com trusty-backports/main Sources
Hit http://archive.ubuntu.com trusty-backports/restricted Sources
Hit http://archive.ubuntu.com trusty-backports/universe Sources
Hit http://archive.ubuntu.com trusty-backports/multiverse Sources
Hit http://archive.ubuntu.com trusty-backports/main amd64 Packages
Hit http://archive.ubuntu.com trusty-backports/restricted amd64 Packages
Hit http://archive.ubuntu.com trusty-backports/universe amd64 Packages
Hit http://archive.ubuntu.com trusty-backports/multiverse amd64 Packages
Hit http://archive.ubuntu.com trusty-backports/main Translation-en
Hit http://archive.ubuntu.com trusty-backports/multiverse Translation-en
Hit http://archive.ubuntu.com trusty-backports/restricted Translation-en
Hit http://archive.ubuntu.com trusty-backports/universe Translation-en
Hit http://archive.ubuntu.com trusty Release
Hit http://archive.ubuntu.com trusty/main Sources
Hit http://archive.ubuntu.com trusty/restricted Sources
Hit http://archive.ubuntu.com trusty/universe Sources
Hit http://archive.ubuntu.com trusty/multiverse Sources
Hit http://archive.ubuntu.com trusty/main amd64 Packages
Hit http://archive.ubuntu.com trusty/restricted amd64 Packages
Hit http://archive.ubuntu.com trusty/universe amd64 Packages
Hit http://archive.ubuntu.com trusty/multiverse amd64 Packages
Hit http://archive.ubuntu.com trusty/main Translation-en
Hit http://archive.ubuntu.com trusty/multiverse Translation-en
Hit http://archive.ubuntu.com trusty/restricted Translation-en
Build step 'Execute shell' marked build as failure
Finished: FAILURE
