Started by user [8mha:////4HshPszTrCegU1Q5Nrw74HWLxDxXVLkcQ/vvDtqb0JlyAAAAmB+LCAAAAAAAAP9b85aBtbiIQTGjNKU4P08vOT+vOD8nVc83PyU1x6OyILUoJzMv2y+/JJUBAhiZGBgqihhk0NSjKDWzXb3RdlLBUSYGJk8GtpzUvPSSDB8G5tKinBIGIZ+sxLJE/ZzEvHT94JKizLx0a6BxUmjGOUNodHsLgAy+EgYe/dLi1CL93Kz8stQ8ADAH/7TBAAAA[0mMark Gil Joven
Building in workspace /Users/markgiljoven/.jenkins/workspace/installphp
 > git rev-parse --is-inside-work-tree # timeout=10
Fetching changes from the remote Git repository
 > git config remote.origin.url https://github.com/MarkGilJoven/challenge.git # timeout=10
Fetching upstream changes from https://github.com/MarkGilJoven/challenge.git
 > git --version # timeout=10
using GIT_ASKPASS to set credentials 
 > git fetch --tags --progress https://github.com/MarkGilJoven/challenge.git +refs/heads/*:refs/remotes/origin/*
 > git rev-parse refs/remotes/origin/master^{commit} # timeout=10
 > git rev-parse refs/remotes/origin/origin/master^{commit} # timeout=10
Checking out Revision be94b8d2853332b8f5630148a620432db012ce60 (refs/remotes/origin/master)
 > git config core.sparsecheckout # timeout=10
 > git checkout -f be94b8d2853332b8f5630148a620432db012ce60
 > git rev-list 9c3496deb17202cdc0f09cf264187272326edb54 # timeout=10
[installphp] $ /bin/bash /var/folders/0g/nr8_n8vj4hg6t1kwz79ctwkc0000gn/T/jenkins2338598183325890935.sh
You've selected to install this on the dev environment.
The following hostnames are
10.1.1.249:22
10.1.1.92:22.
/System/Library/Frameworks/Python.framework/Versions/2.7/lib/python2.7/getpass.py:83: GetPassWarning: Can not control echo on the terminal.
  passwd = fallback_getpass(prompt, stream)
Warning: Password input may be echoed.
Password: 
Warning: do not enter your password if anyone else has superuser
privileges or access to your account.
[1] 13:00:22 [SUCCESS] 10.1.1.249:22
[2] 13:00:22 [SUCCESS] 10.1.1.92:22
/System/Library/Frameworks/Python.framework/Versions/2.7/lib/python2.7/getpass.py:83: GetPassWarning: Can not control echo on the terminal.
  passwd = fallback_getpass(prompt, stream)
Warning: Password input may be echoed.
Password: 
Warning: do not enter your password if anyone else has superuser
privileges or access to your account.
[1] 13:00:23 [SUCCESS] 10.1.1.249:22
[2] 13:00:24 [SUCCESS] 10.1.1.92:22
/System/Library/Frameworks/Python.framework/Versions/2.7/lib/python2.7/getpass.py:83: GetPassWarning: Can not control echo on the terminal.
  passwd = fallback_getpass(prompt, stream)
Warning: Password input may be echoed.
Password: 
Warning: do not enter your password if anyone else has superuser
privileges or access to your account.
[1] 13:00:25 [FAILURE] 10.1.1.249:22 Exited with error code 1
Deleted temp working directory /root/tmp.23714.BQFrp
Stderr: /tmp/phpInstaller.sh: line 143: warning: here-document at line 101 delimited by end-of-file (wanted `EOF')
/tmp/phpInstaller.sh: line 144: syntax error: unexpected end of file
[2] 13:00:26 [FAILURE] 10.1.1.92:22 Exited with error code 1
Deleted temp working directory /root/tmp.23714.WCynr
Stderr: /tmp/phpInstaller.sh: line 143: warning: here-document at line 101 delimited by end-of-file (wanted `EOF')
/tmp/phpInstaller.sh: line 144: syntax error: unexpected end of file
Build step 'Execute shell' marked build as failure
Finished: FAILURE
